0 info it worked if it ends with ok
1 verbose cli [ 'node', '/Users/hery/.nvm/v0.10.24/bin/npm', 'publish' ]
2 info using npm@1.4.4
3 info using node@v0.10.24
4 verbose publish [ '.' ]
5 verbose cache add [ '.', null ]
6 verbose cache add name=undefined spec="." args=[".",null]
7 verbose parsed url { protocol: null,
7 verbose parsed url   slashes: null,
7 verbose parsed url   auth: null,
7 verbose parsed url   host: null,
7 verbose parsed url   port: null,
7 verbose parsed url   hostname: null,
7 verbose parsed url   hash: null,
7 verbose parsed url   search: null,
7 verbose parsed url   query: null,
7 verbose parsed url   pathname: '.',
7 verbose parsed url   path: '.',
7 verbose parsed url   href: '.' }
8 silly lockFile 3a52ce78- .
9 verbose lock . /Users/hery/.npm/3a52ce78-.lock
10 verbose tar pack [ '/var/folders/37/tc7dj6lx1yd68xwsqn56lg2r0000gn/T/npm-8921-aKMcYUC4/1398618959135-0.2937454404309392/tmp.tgz',
10 verbose tar pack   '.' ]
11 verbose tarball /var/folders/37/tc7dj6lx1yd68xwsqn56lg2r0000gn/T/npm-8921-aKMcYUC4/1398618959135-0.2937454404309392/tmp.tgz
12 verbose folder .
13 info prepublish rake-keywords@1.0.0
14 silly lockFile 1f1177db-tar tar://.
15 verbose lock tar://. /Users/hery/.npm/1f1177db-tar.lock
16 silly lockFile c8194178-59135-0-2937454404309392-tmp-tgz tar:///var/folders/37/tc7dj6lx1yd68xwsqn56lg2r0000gn/T/npm-8921-aKMcYUC4/1398618959135-0.2937454404309392/tmp.tgz
17 verbose lock tar:///var/folders/37/tc7dj6lx1yd68xwsqn56lg2r0000gn/T/npm-8921-aKMcYUC4/1398618959135-0.2937454404309392/tmp.tgz /Users/hery/.npm/c8194178-59135-0-2937454404309392-tmp-tgz.lock
18 silly lockFile 1f1177db-tar tar://.
19 silly lockFile 1f1177db-tar tar://.
20 silly lockFile c8194178-59135-0-2937454404309392-tmp-tgz tar:///var/folders/37/tc7dj6lx1yd68xwsqn56lg2r0000gn/T/npm-8921-aKMcYUC4/1398618959135-0.2937454404309392/tmp.tgz
21 silly lockFile c8194178-59135-0-2937454404309392-tmp-tgz tar:///var/folders/37/tc7dj6lx1yd68xwsqn56lg2r0000gn/T/npm-8921-aKMcYUC4/1398618959135-0.2937454404309392/tmp.tgz
22 verbose tar unpack /var/folders/37/tc7dj6lx1yd68xwsqn56lg2r0000gn/T/npm-8921-aKMcYUC4/1398618959135-0.2937454404309392/tmp.tgz
23 silly lockFile 2dc8efa4-59135-0-2937454404309392-package tar:///var/folders/37/tc7dj6lx1yd68xwsqn56lg2r0000gn/T/npm-8921-aKMcYUC4/1398618959135-0.2937454404309392/package
24 verbose lock tar:///var/folders/37/tc7dj6lx1yd68xwsqn56lg2r0000gn/T/npm-8921-aKMcYUC4/1398618959135-0.2937454404309392/package /Users/hery/.npm/2dc8efa4-59135-0-2937454404309392-package.lock
25 silly lockFile c8194178-59135-0-2937454404309392-tmp-tgz tar:///var/folders/37/tc7dj6lx1yd68xwsqn56lg2r0000gn/T/npm-8921-aKMcYUC4/1398618959135-0.2937454404309392/tmp.tgz
26 verbose lock tar:///var/folders/37/tc7dj6lx1yd68xwsqn56lg2r0000gn/T/npm-8921-aKMcYUC4/1398618959135-0.2937454404309392/tmp.tgz /Users/hery/.npm/c8194178-59135-0-2937454404309392-tmp-tgz.lock
27 silly gunzTarPerm modes [ '755', '644' ]
28 silly gunzTarPerm extractEntry package.json
29 silly gunzTarPerm extractEntry .npmignore
30 silly gunzTarPerm extractEntry README.md
31 silly gunzTarPerm extractEntry lib/foxStopWords.js
32 silly gunzTarPerm extractEntry lib/rake.js
33 silly gunzTarPerm extractEntry test/rake.js
34 silly lockFile 2dc8efa4-59135-0-2937454404309392-package tar:///var/folders/37/tc7dj6lx1yd68xwsqn56lg2r0000gn/T/npm-8921-aKMcYUC4/1398618959135-0.2937454404309392/package
35 silly lockFile 2dc8efa4-59135-0-2937454404309392-package tar:///var/folders/37/tc7dj6lx1yd68xwsqn56lg2r0000gn/T/npm-8921-aKMcYUC4/1398618959135-0.2937454404309392/package
36 silly lockFile c8194178-59135-0-2937454404309392-tmp-tgz tar:///var/folders/37/tc7dj6lx1yd68xwsqn56lg2r0000gn/T/npm-8921-aKMcYUC4/1398618959135-0.2937454404309392/tmp.tgz
37 silly lockFile c8194178-59135-0-2937454404309392-tmp-tgz tar:///var/folders/37/tc7dj6lx1yd68xwsqn56lg2r0000gn/T/npm-8921-aKMcYUC4/1398618959135-0.2937454404309392/tmp.tgz
38 verbose tar pack [ '/Users/hery/.npm/rake-keywords/1.0.0/package.tgz',
38 verbose tar pack   '/var/folders/37/tc7dj6lx1yd68xwsqn56lg2r0000gn/T/npm-8921-aKMcYUC4/1398618959135-0.2937454404309392/package' ]
39 verbose tarball /Users/hery/.npm/rake-keywords/1.0.0/package.tgz
40 verbose folder /var/folders/37/tc7dj6lx1yd68xwsqn56lg2r0000gn/T/npm-8921-aKMcYUC4/1398618959135-0.2937454404309392/package
41 silly lockFile 2dc8efa4-59135-0-2937454404309392-package tar:///var/folders/37/tc7dj6lx1yd68xwsqn56lg2r0000gn/T/npm-8921-aKMcYUC4/1398618959135-0.2937454404309392/package
42 verbose lock tar:///var/folders/37/tc7dj6lx1yd68xwsqn56lg2r0000gn/T/npm-8921-aKMcYUC4/1398618959135-0.2937454404309392/package /Users/hery/.npm/2dc8efa4-59135-0-2937454404309392-package.lock
43 silly lockFile 5dbdbb6a--rake-keywords-1-0-0-package-tgz tar:///Users/hery/.npm/rake-keywords/1.0.0/package.tgz
44 verbose lock tar:///Users/hery/.npm/rake-keywords/1.0.0/package.tgz /Users/hery/.npm/5dbdbb6a--rake-keywords-1-0-0-package-tgz.lock
45 silly lockFile 2dc8efa4-59135-0-2937454404309392-package tar:///var/folders/37/tc7dj6lx1yd68xwsqn56lg2r0000gn/T/npm-8921-aKMcYUC4/1398618959135-0.2937454404309392/package
46 silly lockFile 2dc8efa4-59135-0-2937454404309392-package tar:///var/folders/37/tc7dj6lx1yd68xwsqn56lg2r0000gn/T/npm-8921-aKMcYUC4/1398618959135-0.2937454404309392/package
47 silly lockFile 5dbdbb6a--rake-keywords-1-0-0-package-tgz tar:///Users/hery/.npm/rake-keywords/1.0.0/package.tgz
48 silly lockFile 5dbdbb6a--rake-keywords-1-0-0-package-tgz tar:///Users/hery/.npm/rake-keywords/1.0.0/package.tgz
49 silly lockFile b509a324--npm-rake-keywords-1-0-0-package /Users/hery/.npm/rake-keywords/1.0.0/package
50 verbose lock /Users/hery/.npm/rake-keywords/1.0.0/package /Users/hery/.npm/b509a324--npm-rake-keywords-1-0-0-package.lock
51 silly lockFile b509a324--npm-rake-keywords-1-0-0-package /Users/hery/.npm/rake-keywords/1.0.0/package
52 silly lockFile b509a324--npm-rake-keywords-1-0-0-package /Users/hery/.npm/rake-keywords/1.0.0/package
53 verbose tar unpack /Users/hery/.npm/rake-keywords/1.0.0/package.tgz
54 silly lockFile dac0e12d--npm-rake-keywords-1-0-0-package tar:///Users/hery/.npm/rake-keywords/1.0.0/package
55 verbose lock tar:///Users/hery/.npm/rake-keywords/1.0.0/package /Users/hery/.npm/dac0e12d--npm-rake-keywords-1-0-0-package.lock
56 silly lockFile 5dbdbb6a--rake-keywords-1-0-0-package-tgz tar:///Users/hery/.npm/rake-keywords/1.0.0/package.tgz
57 verbose lock tar:///Users/hery/.npm/rake-keywords/1.0.0/package.tgz /Users/hery/.npm/5dbdbb6a--rake-keywords-1-0-0-package-tgz.lock
58 silly gunzTarPerm modes [ '755', '644' ]
59 silly gunzTarPerm extractEntry package.json
60 silly gunzTarPerm extractEntry .npmignore
61 silly gunzTarPerm extractEntry README.md
62 silly gunzTarPerm extractEntry lib/foxStopWords.js
63 silly gunzTarPerm extractEntry lib/rake.js
64 silly gunzTarPerm extractEntry test/rake.js
65 silly lockFile dac0e12d--npm-rake-keywords-1-0-0-package tar:///Users/hery/.npm/rake-keywords/1.0.0/package
66 silly lockFile dac0e12d--npm-rake-keywords-1-0-0-package tar:///Users/hery/.npm/rake-keywords/1.0.0/package
67 silly lockFile 5dbdbb6a--rake-keywords-1-0-0-package-tgz tar:///Users/hery/.npm/rake-keywords/1.0.0/package.tgz
68 silly lockFile 5dbdbb6a--rake-keywords-1-0-0-package-tgz tar:///Users/hery/.npm/rake-keywords/1.0.0/package.tgz
69 verbose chmod /Users/hery/.npm/rake-keywords/1.0.0/package.tgz 644
70 verbose chown /Users/hery/.npm/rake-keywords/1.0.0/package.tgz [ 501, 20 ]
71 silly lockFile 3a52ce78- .
72 silly lockFile 3a52ce78- .
73 silly publish { name: 'rake-keywords',
73 silly publish   description: 'Rake keywords extraction algorithm in javascrit',
73 silly publish   version: '1.0.0',
73 silly publish   repository:
73 silly publish    { type: 'git',
73 silly publish      url: 'git://github.com/Ismael-Hery/rake-keywords.git' },
73 silly publish   author: { name: 'Ismaël héry', email: 'ismael.hery@gmail.com' },
73 silly publish   licence: 'MIT',
73 silly publish   keywords: [ 'keywords extraction', 'keyword extraction', 'nlp', 'rake' ],
73 silly publish   scripts: { test: 'mocha' },
73 silly publish   devDependencies: { should: '~3.1.3', mocha: '~1.18.2' },
73 silly publish   bugs: { url: 'https://github.com/Ismael-Hery/rake-keywords/issues' },
73 silly publish   homepage: 'https://github.com/Ismael-Hery/rake-keywords',
73 silly publish   main: 'index.js',
73 silly publish   directories: { test: 'test' },
73 silly publish   readme: 'Rake\n====\n\nRake is a Javascript implementation of the "Rake" keywords extraction algorithm, as described in \'Rose, S., Engel, D., Cramer, N., & Cowley, W. (2010). Automatic Keyword Extraction from Individual Documents. In M. W. Berry & J. Kogan (Eds.), Text Mining: Theory and Applications: John Wiley & Sons.\'\n\n## Install\n\n```\nnpm install rake-keywords\n```\n\n## How to use\n\n\n\n## Some problems with the Rake original scientific paper\n\n### Errors in the paper\n\n* \'numbers\' is a stop word in the original Fox stop words list, thus \'natural numbers\' can not be a candidate keywords. I removed numbers from the Fox stop list as they probably did for the paper (otherwise they would not have found \'natural numbers\')\n* the paper does not find mixed types as a candidate keywords. I\'ve added mixed types as a candidates key words\n\n### Non english language\n\n## TODO :\n\n* French implementation with \'mots de liaisons\' du/des/... excluded from stop list\n\n## Licence\n\nMIT\n',
73 silly publish   readmeFilename: 'README.md',
73 silly publish   _id: 'rake-keywords@1.0.0',
73 silly publish   dist: { shasum: '5fcddbc80fc6bf32bf8bdd78fd95ebfc855169ce' },
73 silly publish   _from: '.' }
74 error need auth auth and email required for publishing
74 error need auth You need to authorize this machine using `npm adduser`
75 error System Darwin 11.4.2
76 error command "node" "/Users/hery/.nvm/v0.10.24/bin/npm" "publish"
77 error cwd /Users/hery/projects/rake-keywords
78 error node -v v0.10.24
79 error npm -v 1.4.4
80 error code ENEEDAUTH
81 verbose exit [ 1, true ]
